=== DB Legends Bot Debug Log - Iniciado a las 10:49:00 ===
[10:49:00.307] ACCIÓN: INICIO | DETALLE: Motor conectado e inicializado.
[10:49:02.640] ACCIÓN: ESTADO | DETALLE: Confirmando preparación (Listo) [Tomó 2.333s]
[10:49:02.755] ACCIÓN: TAP | DETALLE: Coords: (471, 2043) - Carta: False
[10:49:06.682] ACCIÓN: ESTADO | DETALLE: Partida encontrada. Entrando a Combate [Tomó 2.926s]
[10:49:10.184] ACCIÓN: COMBATE | DETALLE: No se detectaron cartas en este frame. [Tomó 0.169s]
[10:49:11.967] ACCIÓN: COMBATE | DETALLE: No se detectaron cartas en este frame. [Tomó 0.170s]
[10:49:13.757] ACCIÓN: COMBATE | DETALLE: No se detectaron cartas en este frame. [Tomó 0.169s]
[10:49:15.587] ACCIÓN: COMBATE | DETALLE: No se detectaron cartas en este frame. [Tomó 0.167s]
[10:49:17.344] ACCIÓN: COMBATE | DETALLE: No se detectaron cartas en este frame. [Tomó 0.169s]
[10:49:19.151] ACCIÓN: COMBATE | DETALLE: No se detectaron cartas en este frame. [Tomó 0.170s]
[10:49:20.967] ACCIÓN: COMBATE | DETALLE: No se detectaron cartas en este frame. [Tomó 0.171s]
[10:49:22.944] ACCIÓN: COMBATE | DETALLE: No se detectaron cartas en este frame. [Tomó 0.172s]
[10:49:24.754] ACCIÓN: COMBATE | DETALLE: No se detectaron cartas en este frame. [Tomó 0.184s]
[10:49:26.529] ACCIÓN: COMBATE | DETALLE: No se detectaron cartas en este frame. [Tomó 0.175s]
[10:49:28.279] ACCIÓN: COMBATE | DETALLE: No se detectaron cartas en este frame. [Tomó 0.173s]
[10:49:30.022] ACCIÓN: COMBATE | DETALLE: No se detectaron cartas en este frame. [Tomó 0.168s]
[10:49:31.824] ACCIÓN: COMBATE | DETALLE: No se detectaron cartas en este frame. [Tomó 0.174s]
[10:49:33.699] ACCIÓN: COMBATE | DETALLE: No se detectaron cartas en este frame. [Tomó 0.182s]
[10:49:35.557] ACCIÓN: COMBATE | DETALLE: No se detectaron cartas en este frame. [Tomó 0.174s]
[10:49:37.231] ACCIÓN: COMBATE | DETALLE: No se detectaron cartas en este frame. [Tomó 0.176s]
[10:49:38.923] ACCIÓN: COMBATE | DETALLE: No se detectaron cartas en este frame. [Tomó 0.192s]
[10:49:40.821] ACCIÓN: COMBATE | DETALLE: No se detectaron cartas en este frame. [Tomó 0.185s]
[10:49:42.591] ACCIÓN: COMBATE | DETALLE: No se detectaron cartas en este frame. [Tomó 0.177s]
[10:49:44.329] ACCIÓN: COMBATE | DETALLE: No se detectaron cartas en este frame. [Tomó 0.169s]
[10:49:46.028] ACCIÓN: COMBATE | DETALLE: No se detectaron cartas en este frame. [Tomó 0.170s]
[10:49:47.783] ACCIÓN: COMBATE | DETALLE: No se detectaron cartas en este frame. [Tomó 0.168s]
[10:49:49.488] ACCIÓN: COMBATE | DETALLE: No se detectaron cartas en este frame. [Tomó 0.169s]
[10:49:51.239] ACCIÓN: COMBATE | DETALLE: No se detectaron cartas en este frame. [Tomó 0.169s]
[10:49:53.003] ACCIÓN: COMBATE | DETALLE: No se detectaron cartas en este frame. [Tomó 0.167s]
[10:49:54.779] ACCIÓN: COMBATE | DETALLE: No se detectaron cartas en este frame. [Tomó 0.168s]
[10:49:56.527] ACCIÓN: COMBATE | DETALLE: No se detectaron cartas en este frame. [Tomó 0.172s]
[10:49:58.265] ACCIÓN: COMBATE | DETALLE: No se detectaron cartas en este frame. [Tomó 0.169s]
[10:50:00.016] ACCIÓN: COMBATE | DETALLE: No se detectaron cartas en este frame. [Tomó 0.169s]
[10:50:01.119] ACCIÓN: COMBATE | DETALLE: No se detectaron cartas en este frame. [Tomó 0.163s]
[10:50:02.272] ACCIÓN: COMBATE | DETALLE: No se detectaron cartas en este frame. [Tomó 0.164s]
[10:50:03.418] ACCIÓN: COMBATE | DETALLE: No se detectaron cartas en este frame. [Tomó 0.164s]
[10:50:04.569] ACCIÓN: COMBATE | DETALLE: No se detectaron cartas en este frame. [Tomó 0.163s]
[10:50:05.730] ACCIÓN: COMBATE | DETALLE: No se detectaron cartas en este frame. [Tomó 0.165s]
[10:50:06.901] ACCIÓN: COMBATE | DETALLE: No se detectaron cartas en este frame. [Tomó 0.163s]
[10:50:08.087] ACCIÓN: COMBATE | DETALLE: No se detectaron cartas en este frame. [Tomó 0.163s]
[10:50:09.212] ACCIÓN: COMBATE | DETALLE: No se detectaron cartas en este frame. [Tomó 0.163s]
[10:50:10.352] ACCIÓN: COMBATE | DETALLE: No se detectaron cartas en este frame. [Tomó 0.164s]
[10:50:11.498] ACCIÓN: COMBATE | DETALLE: No se detectaron cartas en este frame. [Tomó 0.164s]
[10:50:12.662] ACCIÓN: COMBATE | DETALLE: No se detectaron cartas en este frame. [Tomó 0.163s]
[10:50:15.397] ACCIÓN: COMBATE | DETALLE: No se detectaron cartas en este frame. [Tomó 0.170s]
[10:50:18.466] ACCIÓN: TAP | DETALLE: Coords: (305, 1103) - Carta: True
[10:50:18.743] ACCIÓN: COMBATE | DETALLE: Carta jugada. Total cartas vistas: 2 [Tomó 0.559s]
[10:50:21.263] ACCIÓN: COMBATE | DETALLE: No se detectaron cartas en este frame. [Tomó 0.171s]
[10:50:23.910] ACCIÓN: COMBATE | DETALLE: No se detectaron cartas en este frame. [Tomó 0.168s]
[10:50:26.476] ACCIÓN: COMBATE | DETALLE: No se detectaron cartas en este frame. [Tomó 0.166s]
[10:50:29.165] ACCIÓN: COMBATE | DETALLE: No se detectaron cartas en este frame. [Tomó 0.169s]
[10:50:31.750] ACCIÓN: TAP | DETALLE: Coords: (354, 656) - Carta: True
[10:50:31.933] ACCIÓN: COMBATE | DETALLE: Carta jugada. Total cartas vistas: 1 [Tomó 0.455s]
[10:50:34.372] ACCIÓN: COMBATE | DETALLE: No se detectaron cartas en este frame. [Tomó 0.170s]
[10:50:36.837] ACCIÓN: COMBATE | DETALLE: No se detectaron cartas en este frame. [Tomó 0.170s]
[10:50:39.185] ACCIÓN: COMBATE | DETALLE: No se detectaron cartas en este frame. [Tomó 0.169s]
[10:50:41.228] ACCIÓN: COMBATE | DETALLE: No se detectaron cartas en este frame. [Tomó 0.168s]
[10:50:43.709] ACCIÓN: COMBATE | DETALLE: No se detectaron cartas en este frame. [Tomó 0.167s]
[10:50:46.109] ACCIÓN: COMBATE | DETALLE: No se detectaron cartas en este frame. [Tomó 0.168s]
[10:50:48.478] ACCIÓN: COMBATE | DETALLE: No se detectaron cartas en este frame. [Tomó 0.169s]
[10:50:51.018] ACCIÓN: COMBATE | DETALLE: No se detectaron cartas en este frame. [Tomó 0.167s]
[10:50:53.548] ACCIÓN: COMBATE | DETALLE: No se detectaron cartas en este frame. [Tomó 0.169s]
[10:50:56.101] ACCIÓN: COMBATE | DETALLE: No se detectaron cartas en este frame. [Tomó 0.169s]
[10:50:58.636] ACCIÓN: COMBATE | DETALLE: No se detectaron cartas en este frame. [Tomó 0.168s]
[10:51:01.230] ACCIÓN: TAP | DETALLE: Coords: (586, 1674) - Carta: True
[10:51:01.375] ACCIÓN: COMBATE | DETALLE: Carta jugada. Total cartas vistas: 8 [Tomó 0.416s]
[10:51:03.472] ACCIÓN: TAP | DETALLE: Coords: (993, 558) - Carta: True
[10:51:03.659] ACCIÓN: COMBATE | DETALLE: Carta jugada. Total cartas vistas: 2 [Tomó 0.461s]
[10:51:05.647] ACCIÓN: TAP | DETALLE: Coords: (603, 1312) - Carta: True
[10:51:05.925] ACCIÓN: COMBATE | DETALLE: Carta jugada. Total cartas vistas: 7 [Tomó 0.541s]
